Watching for file changes with StatReloader
C:\Users\Zhumabaeva Gulnur\OneDrive - Satbayev University\╨рсюішщ ёҐюы\hacaton\ai-analizer\AnalyzAI\services\ai_service.py changed, reloading.
Watching for file changes with StatReloader
Exception in thread django-main-thread:
Traceback (most recent call last):
  File "C:\Program Files\Python313\Lib\threading.py", line 1041, in _bootstrap_inner
    self.run()
    ~~~~~~~~^^
  File "C:\Program Files\Python313\Lib\threading.py", line 992, in run
    self._target(*self._args, **self._kwargs)
    ~~~~~~~~~~~~^^^^^^^^^^^^^^^^^^^^^^^^^^^^^
  File "C:\Users\Zhumabaeva Gulnur\AppData\Roaming\Python\Python313\site-packages\django\utils\autoreload.py", line 64, in wrapper
    fn(*args, **kwargs)
    ~~^^^^^^^^^^^^^^^^^
  File "C:\Users\Zhumabaeva Gulnur\AppData\Roaming\Python\Python313\site-packages\django\core\management\commands\runserver.py", line 134, in inner_run
    self.check(**check_kwargs)
    ~~~~~~~~~~^^^^^^^^^^^^^^^^
  File "C:\Users\Zhumabaeva Gulnur\AppData\Roaming\Python\Python313\site-packages\django\core\management\base.py", line 496, in check
    all_issues = checks.run_checks(
        app_configs=app_configs,
    ...<2 lines>...
        databases=databases,
    )
  File "C:\Users\Zhumabaeva Gulnur\AppData\Roaming\Python\Python313\site-packages\django\core\checks\registry.py", line 89, in run_checks
    new_errors = check(app_configs=app_configs, databases=databases)
  File "C:\Users\Zhumabaeva Gulnur\AppData\Roaming\Python\Python313\site-packages\django\core\checks\urls.py", line 44, in check_url_namespaces_unique
    all_namespaces = _load_all_namespaces(resolver)
  File "C:\Users\Zhumabaeva Gulnur\AppData\Roaming\Python\Python313\site-packages\django\core\checks\urls.py", line 63, in _load_all_namespaces
    url_patterns = getattr(resolver, "url_patterns", [])
  File "C:\Users\Zhumabaeva Gulnur\AppData\Roaming\Python\Python313\site-packages\django\utils\functional.py", line 47, in __get__
    res = instance.__dict__[self.name] = self.func(instance)
                                         ~~~~~~~~~^^^^^^^^^^
  File "C:\Users\Zhumabaeva Gulnur\AppData\Roaming\Python\Python313\site-packages\django\urls\resolvers.py", line 729, in url_patterns
    patterns = getattr(self.urlconf_module, "urlpatterns", self.urlconf_module)
                       ^^^^^^^^^^^^^^^^^^^
  File "C:\Users\Zhumabaeva Gulnur\AppData\Roaming\Python\Python313\site-packages\django\utils\functional.py", line 47, in __get__
    res = instance.__dict__[self.name] = self.func(instance)
                                         ~~~~~~~~~^^^^^^^^^^
  File "C:\Users\Zhumabaeva Gulnur\AppData\Roaming\Python\Python313\site-packages\django\urls\resolvers.py", line 722, in urlconf_module
    return import_module(self.urlconf_name)
  File "C:\Program Files\Python313\Lib\importlib\__init__.py", line 88, in import_module
    return _bootstrap._gcd_import(name[level:], package, level)
           ~~~~~~~~~~~~~~~~~~~~~~^^^^^^^^^^^^^^^^^^^^^^^^^^^^^^
  File "<frozen importlib._bootstrap>", line 1387, in _gcd_import
  File "<frozen importlib._bootstrap>", line 1360, in _find_and_load
  File "<frozen importlib._bootstrap>", line 1331, in _find_and_load_unlocked
  File "<frozen importlib._bootstrap>", line 935, in _load_unlocked
  File "<frozen importlib._bootstrap_external>", line 1026, in exec_module
  File "<frozen importlib._bootstrap>", line 488, in _call_with_frames_removed
  File "C:\Users\Zhumabaeva Gulnur\OneDrive - Satbayev University\╨рсюішщ ёҐюы\hacaton\ai-analizer\config\urls.py", line 25, in <module>
    path("", include("AnalyzAI.urls")),
             ~~~~~~~^^^^^^^^^^^^^^^^^
  File "C:\Users\Zhumabaeva Gulnur\AppData\Roaming\Python\Python313\site-packages\django\urls\conf.py", line 39, in include
    urlconf_module = import_module(urlconf_module)
  File "C:\Program Files\Python313\Lib\importlib\__init__.py", line 88, in import_module
    return _bootstrap._gcd_import(name[level:], package, level)
           ~~~~~~~~~~~~~~~~~~~~~~^^^^^^^^^^^^^^^^^^^^^^^^^^^^^^
  File "<frozen importlib._bootstrap>", line 1387, in _gcd_import
  File "<frozen importlib._bootstrap>", line 1360, in _find_and_load
  File "<frozen importlib._bootstrap>", line 1331, in _find_and_load_unlocked
  File "<frozen importlib._bootstrap>", line 935, in _load_unlocked
  File "<frozen importlib._bootstrap_external>", line 1026, in exec_module
  File "<frozen importlib._bootstrap>", line 488, in _call_with_frames_removed
  File "C:\Users\Zhumabaeva Gulnur\OneDrive - Satbayev University\╨рсюішщ ёҐюы\hacaton\ai-analizer\AnalyzAI\urls.py", line 3, in <module>
    from .views import ask_ai_assistant, index, result_page
  File "C:\Users\Zhumabaeva Gulnur\OneDrive - Satbayev University\╨рсюішщ ёҐюы\hacaton\ai-analizer\AnalyzAI\views.py", line 8, in <module>
    from .services.ai_service import AIServiceError, analyze_report
  File "C:\Users\Zhumabaeva Gulnur\OneDrive - Satbayev University\╨рсюішщ ёҐюы\hacaton\ai-analizer\AnalyzAI\services\ai_service.py", line 158
    "missing_sections": _ensure_list(template_compliance.get("missing_sections")),
IndentationError: unexpected indent
C:\Users\Zhumabaeva Gulnur\OneDrive - Satbayev University\╨рсюішщ ёҐюы\hacaton\ai-analizer\AnalyzAI\services\ai_service.py changed, reloading.
Watching for file changes with StatReloader
Exception in thread django-main-thread:
Traceback (most recent call last):
  File "C:\Program Files\Python313\Lib\threading.py", line 1041, in _bootstrap_inner
    self.run()
    ~~~~~~~~^^
  File "C:\Program Files\Python313\Lib\threading.py", line 992, in run
    self._target(*self._args, **self._kwargs)
    ~~~~~~~~~~~~^^^^^^^^^^^^^^^^^^^^^^^^^^^^^
  File "C:\Users\Zhumabaeva Gulnur\AppData\Roaming\Python\Python313\site-packages\django\utils\autoreload.py", line 64, in wrapper
    fn(*args, **kwargs)
    ~~^^^^^^^^^^^^^^^^^
  File "C:\Users\Zhumabaeva Gulnur\AppData\Roaming\Python\Python313\site-packages\django\core\management\commands\runserver.py", line 134, in inner_run
    self.check(**check_kwargs)
    ~~~~~~~~~~^^^^^^^^^^^^^^^^
  File "C:\Users\Zhumabaeva Gulnur\AppData\Roaming\Python\Python313\site-packages\django\core\management\base.py", line 496, in check
    all_issues = checks.run_checks(
        app_configs=app_configs,
    ...<2 lines>...
        databases=databases,
    )
  File "C:\Users\Zhumabaeva Gulnur\AppData\Roaming\Python\Python313\site-packages\django\core\checks\registry.py", line 89, in run_checks
    new_errors = check(app_configs=app_configs, databases=databases)
  File "C:\Users\Zhumabaeva Gulnur\AppData\Roaming\Python\Python313\site-packages\django\core\checks\urls.py", line 44, in check_url_namespaces_unique
    all_namespaces = _load_all_namespaces(resolver)
  File "C:\Users\Zhumabaeva Gulnur\AppData\Roaming\Python\Python313\site-packages\django\core\checks\urls.py", line 63, in _load_all_namespaces
    url_patterns = getattr(resolver, "url_patterns", [])
  File "C:\Users\Zhumabaeva Gulnur\AppData\Roaming\Python\Python313\site-packages\django\utils\functional.py", line 47, in __get__
    res = instance.__dict__[self.name] = self.func(instance)
                                         ~~~~~~~~~^^^^^^^^^^
  File "C:\Users\Zhumabaeva Gulnur\AppData\Roaming\Python\Python313\site-packages\django\urls\resolvers.py", line 729, in url_patterns
    patterns = getattr(self.urlconf_module, "urlpatterns", self.urlconf_module)
                       ^^^^^^^^^^^^^^^^^^^
  File "C:\Users\Zhumabaeva Gulnur\AppData\Roaming\Python\Python313\site-packages\django\utils\functional.py", line 47, in __get__
    res = instance.__dict__[self.name] = self.func(instance)
                                         ~~~~~~~~~^^^^^^^^^^
  File "C:\Users\Zhumabaeva Gulnur\AppData\Roaming\Python\Python313\site-packages\django\urls\resolvers.py", line 722, in urlconf_module
    return import_module(self.urlconf_name)
  File "C:\Program Files\Python313\Lib\importlib\__init__.py", line 88, in import_module
    return _bootstrap._gcd_import(name[level:], package, level)
           ~~~~~~~~~~~~~~~~~~~~~~^^^^^^^^^^^^^^^^^^^^^^^^^^^^^^
  File "<frozen importlib._bootstrap>", line 1387, in _gcd_import
  File "<frozen importlib._bootstrap>", line 1360, in _find_and_load
  File "<frozen importlib._bootstrap>", line 1331, in _find_and_load_unlocked
  File "<frozen importlib._bootstrap>", line 935, in _load_unlocked
  File "<frozen importlib._bootstrap_external>", line 1026, in exec_module
  File "<frozen importlib._bootstrap>", line 488, in _call_with_frames_removed
  File "C:\Users\Zhumabaeva Gulnur\OneDrive - Satbayev University\╨рсюішщ ёҐюы\hacaton\ai-analizer\config\urls.py", line 25, in <module>
    path("", include("AnalyzAI.urls")),
             ~~~~~~~^^^^^^^^^^^^^^^^^
  File "C:\Users\Zhumabaeva Gulnur\AppData\Roaming\Python\Python313\site-packages\django\urls\conf.py", line 39, in include
    urlconf_module = import_module(urlconf_module)
  File "C:\Program Files\Python313\Lib\importlib\__init__.py", line 88, in import_module
    return _bootstrap._gcd_import(name[level:], package, level)
           ~~~~~~~~~~~~~~~~~~~~~~^^^^^^^^^^^^^^^^^^^^^^^^^^^^^^
  File "<frozen importlib._bootstrap>", line 1387, in _gcd_import
  File "<frozen importlib._bootstrap>", line 1360, in _find_and_load
  File "<frozen importlib._bootstrap>", line 1331, in _find_and_load_unlocked
  File "<frozen importlib._bootstrap>", line 935, in _load_unlocked
  File "<frozen importlib._bootstrap_external>", line 1026, in exec_module
  File "<frozen importlib._bootstrap>", line 488, in _call_with_frames_removed
  File "C:\Users\Zhumabaeva Gulnur\OneDrive - Satbayev University\╨рсюішщ ёҐюы\hacaton\ai-analizer\AnalyzAI\urls.py", line 3, in <module>
    from .views import ask_ai_assistant, index, result_page
  File "C:\Users\Zhumabaeva Gulnur\OneDrive - Satbayev University\╨рсюішщ ёҐюы\hacaton\ai-analizer\AnalyzAI\views.py", line 8, in <module>
    from .services.ai_service import AIServiceError, analyze_report
  File "C:\Users\Zhumabaeva Gulnur\OneDrive - Satbayev University\╨рсюішщ ёҐюы\hacaton\ai-analizer\AnalyzAI\services\ai_service.py", line 158
    "missing_sections": _ensure_list(template_compliance.get("missing_sections")),
IndentationError: unexpected indent
C:\Users\Zhumabaeva Gulnur\OneDrive - Satbayev University\╨рсюішщ ёҐюы\hacaton\ai-analizer\AnalyzAI\services\ai_service.py changed, reloading.
Watching for file changes with StatReloader
